20
22
20
24
21
29
25
22
20
20
24
23
29
21
20
25
20
23
24
22
21
20
27
20
22
22
22
29
28
24
21
20
29
27
23
26
22
23
24
21
27
27
26
29
22
24
23
24
22
21
29
20
29
26
26
27
28
23
26
21
24
27
25
27
25
22
27
26
23
23
28
22
27
27
23
26
26
23
20
21
20
27
21
29
25
24
29
29
23
20
25
20
20
29
20
22
21
20
24
23
24
21
26
25
22
26
29
28
21
22
20
29
27
28
23
22
22
28
27
29
25
28
24
27
28
27
24
26
22
22
24
20
28
27
22
23
24
29
27
29
21
20
26
23
22
24
26
23
28
28
29
21
29
25
26
21
25
28
27
29
21
23
20
28
21
22
27
26
22
26
22
20
24
26
28
28
26
25
26
23
28
26
24
29
26
27
29
26
28
26
26
20
21
29
26
28
24
29
23
21
27
29
27
21
21
27
28
29
27
27
24
22
25
20
25
26
25
29
25
28
22
23
24
20
26
27
20
22
20
26
21
22
24
26
29
26
26
20
22
20
20
22
21
23
22
27
24
22
21
26
20
20
26
26
23
26
27
22
27
22
27
26
27
28
22
23
28
22
29
21
23
25
22
28
25
21
23
21
25
24
26
29
21
27
28
22
28
25
21
24
22
23
27
24
27
25
29
27
27
21
29
27
23
26
21
24
26
21
23
21
25
25
29
27
22
29
22
20
20
21
26
22
21
27
29
28
27
23
21
29
25
26
20
27
22
22
24
28
20
29
24
28
28
22
26
24
26
23
27
25
21
27
21
24
24
29
20
29
23
27
27
23
28
25
28
24
20
29
20
21
29
20
27
28
28
29
29
28
26
26
24
25
21
23
25
22
20
25
28
23
23
27
27
26
20
29
24
25
28
28
21
29
27
28
20
28
20
22
25
21
22
20
21
24
22
20
27
29
22
28
24
22
29
21
21
27
22
25
26
22
27
23
21
25
22
24
27
21
21
25
26
23
22
20
28
29
22
27
22
23
20
26
22
27
21
21
21
22
29
24
26
28
23
24
25
22
25
27
21
25
25
24
21
21
28
23
24
24
20
20
20
24
27
26
29
22
25
22
25
26
21
27
25
27
26
20
24
23
21
22
23
25
22
29
25
21
22
22
25
22
22
23
27
20
28
22
24
23
28
25
28
21
27
29
24
27
20
22
24
25
26
28
21
26
28
24
21
29
20
24
20
27
20
22
24
24
26
29
28
26
21
27
26
28
22
20
22
20
27
26
26
24
26
22
26
26
20
27
25
21
26
22
27
21
25
28
28
27
28
21
29
22
29
24
22
28
27
22
26
27
24
28
22
20
26
23
27
21
22
28
22
21
23
25
21
25
23
20
21
24
24
25
23
29
29
26
23
23
28
24
29
29
22
28
21
26
24
29
26
26
20
26
22
24
25
21
20
23
25
26
25
22
23
25
25
29
22
24
25
29
22
27
24
26
24
27
27
25
20
26
23
20
28
26
24
28
20
21
22
21
27
20
20
23
20
26
23
28
21
27
22
23
22
22
27
27
29
24
24
24
24
28
29
25
25
28
20
21
24
27
29
27
26
29
21
26
24
28
28
22
23
27
20
26
22
23
28
25
29
24
23
22
25
24
26
26
23
23
29
26
28
29
24
20
22
26
26
28
26
20
26
27
29
29
27
27
21
21
28
22
24
23
27
22
26
26
21
24
28
28
24
23
22
27
23
28
29
22
21
27
23
28
27
29
29
28
28
24
21
21
24
26
28
21
26
24
22
22
27
22
26
23
21
22
29
23
26
28
24
29
20
29
26
24
26
23
23
20
29
20
21
28
21
24
28
25
28
23
27
26
26
20
25
25
27
22
23
25
23
28
27
28
29
26
20
23
22
26
25
24
24
22
25
28
20
24
27
22
24
29
23
20
23
29
22
28
24
22
20
24
20
21
24
24
26
24
27
23
24
29
24
21
25
25
26
22
21
27
25
27
27
26
25
22
25
23
29
25
24
23
29
22
27
21
26
21
28
22
21
22
21
28
20
28
27
20
27
21
24
21
28
22
20
22
25
23
20
22
25
24
29
29
20
22
20
28
21
27
26
27
27
29
22
28
27
27
27
28
25
20
22
26
23
23
22
26
20
27
28
21
29
22
22
20
27
28
24
24
26
23
24
27
21
26
26
22
27
29
20
21
29
29
22
20
25
26
27
26
27
26
28
29
22
26
22
29
29
26
22
20
28
27
27
28
22
27
22
29
23
20
23
25
28
25
27
22
24
27
24
27
24
24
20
22
26
26
24
21
25
21
26
24
25
28
21
25
28
28
23
22
20
23
29
29
22
28
25
29
27
23
27
20
27
25
21
29
20
20
25
26
21
25
27
21
25
25
26
26
29
21
20
29
27
27
23
21
27
29
23
21
23
27
28
22
27
28
26
27
29
25
23
20
27
21
28
28
20
28
27
21
24
20
28
22
28
29
28
21
26
20
23.7
25.7
24.4
29.0
28.4
21.9
26.0
23.1
21.4
27.1
28.6
25.9
25.8
26.4
22.5
25.3
21.7
22.9
29.9
28.7
